typeset -x UPSTART_EVENTS='started starting'
typeset -x LC_PAPER=zh_CN.UTF-8
typeset -x SHELL=/bin/bash
typeset -x XDG_DATA_DIRS=/usr/share/ubuntu:/usr/share/gnome:/usr/local/share/:/usr/share/
typeset -x MANDATORY_PATH=/usr/share/gconf/ubuntu.mandatory.path
typeset -x CLUTTER_IM_MODULE=xim
typeset -x UPSTART_INSTANCE=''
typeset -x JOB=gnome-session
typeset -x TEXTDOMAIN=im-config
typeset -x XMODIFIERS=@im=ibus
typeset -x SELINUX_INIT=YES
typeset -x XDG_RUNTIME_DIR=/run/user/1000
typeset -x LC_ADDRESS=zh_CN.UTF-8
typeset -x PYTHONPATH=/home/husky/husky/devel/lib/python2.7/dist-packages:/opt/ros/indigo/lib/python2.7/dist-packages
typeset -x ROS_ROOT=/opt/ros/indigo/share/ros
typeset -x XDG_SESSION_ID=c2
typeset -x DBUS_SESSION_BUS_ADDRESS=unix:abstract=/tmp/dbus-yC88q7BFyF
typeset -x DEFAULTS_PATH=/usr/share/gconf/ubuntu.default.path
typeset -x DESKTOP_SESSION=ubuntu
typeset -x GTK_MODULES=overlay-scrollbar:unity-gtk-module
typeset -x INSTANCE=Unity
typeset -x LC_NAME=zh_CN.UTF-8
typeset -x LS_COLORS='rs=0:di=01;34:ln=01;36:mh=00:pi=40;33:so=01;35:do=01;35:bd=40;33;01:cd=40;33;01:or=40;31;01:su=37;41:sg=30;43:ca=30;41:tw=30;42:ow=34;42:st=37;44:ex=01;32:*.tar=01;31:*.tgz=01;31:*.arj=01;31:*.taz=01;31:*.lzh=01;31:*.lzma=01;31:*.tlz=01;31:*.txz=01;31:*.zip=01;31:*.z=01;31:*.Z=01;31:*.dz=01;31:*.gz=01;31:*.lz=01;31:*.xz=01;31:*.bz2=01;31:*.bz=01;31:*.tbz=01;31:*.tbz2=01;31:*.tz=01;31:*.deb=01;31:*.rpm=01;31:*.jar=01;31:*.war=01;31:*.ear=01;31:*.sar=01;31:*.rar=01;31:*.ace=01;31:*.zoo=01;31:*.cpio=01;31:*.7z=01;31:*.rz=01;31:*.jpg=01;35:*.jpeg=01;35:*.gif=01;35:*.bmp=01;35:*.pbm=01;35:*.pgm=01;35:*.ppm=01;35:*.tga=01;35:*.xbm=01;35:*.xpm=01;35:*.tif=01;35:*.tiff=01;35:*.png=01;35:*.svg=01;35:*.svgz=01;35:*.mng=01;35:*.pcx=01;35:*.mov=01;35:*.mpg=01;35:*.mpeg=01;35:*.m2v=01;35:*.mkv=01;35:*.webm=01;35:*.ogm=01;35:*.mp4=01;35:*.m4v=01;35:*.mp4v=01;35:*.vob=01;35:*.qt=01;35:*.nuv=01;35:*.wmv=01;35:*.asf=01;35:*.rm=01;35:*.rmvb=01;35:*.flc=01;35:*.avi=01;35:*.fli=01;35:*.flv=01;35:*.gl=01;35:*.dl=01;35:*.xcf=01;35:*.xwd=01;35:*.yuv=01;35:*.cgm=01;35:*.emf=01;35:*.axv=01;35:*.anx=01;35:*.ogv=01;35:*.ogx=01;35:*.aac=00;36:*.au=00;36:*.flac=00;36:*.mid=00;36:*.midi=00;36:*.mka=00;36:*.mp3=00;36:*.mpc=00;36:*.ogg=00;36:*.ra=00;36:*.wav=00;36:*.axa=00;36:*.oga=00;36:*.spx=00;36:*.xspf=00;36:'
typeset -x LC_NUMERIC=zh_CN.UTF-8
typeset -x GNOME_DESKTOP_SESSION_ID=this-is-deprecated
typeset -x LESSOPEN='| /usr/bin/lesspipe %s'
typeset -x CPATH=/home/husky/husky/devel/include:/opt/ros/indigo/include
typeset -x USER=husky
typeset -x HUSKY_DESCRIPTION=/home/husky/husky/src/husky_description/urdf/description.xacro
typeset -x XDG_VTNR=7
typeset -x CMAKE_PREFIX_PATH=/home/husky/husky/devel:/opt/ros/indigo
typeset -x XAUTHORITY=/home/husky/.Xauthority
typeset -x LANGUAGE=en_US:en
typeset -x LC_MEASUREMENT=zh_CN.UTF-8
typeset -x QT_QPA_PLATFORMTHEME=appmenu-qt5
typeset -x LD_LIBRARY_PATH=/home/husky/husky/devel/lib:/opt/ros/indigo/lib
typeset -x COMPIZ_CONFIG_PROFILE=ubuntu
typeset -x WINDOWID=65011724
typeset -x GPG_AGENT_INFO=/run/user/1000/keyring-0NzUsd/gpg:0:1
typeset -x TMUX=/tmp/tmux-1000/default,5113,0
typeset -x GDMSESSION=ubuntu
typeset -x UPSTART_JOB=unity-settings-daemon
typeset -x XDG_SEAT_PATH=/org/freedesktop/DisplayManager/Seat0
typeset -x ROS_PACKAGE_PATH=/home/husky/husky/src/husky_control:/home/husky/husky/src/husky_description:/home/husky/husky/src/husky_gazebo:/home/husky/husky/src/husky_navigation:/home/husky/husky/src/husky_viz:/home/husky/husky/src/loam_velodyne_lab/src:/home/husky/husky/src/octomap_mapping/octomap_mapping:/home/husky/husky/src/octomap_mapping/octomap_server:/home/husky/husky/src/velodyne_description:/home/husky/husky/src/velodyne_gazebo_plugins:/home/husky/husky/src/velodyne_simulator:/opt/ros/indigo/share:/opt/ros/indigo/stacks
typeset -x _=/usr/bin/catkin
typeset -x LC_IDENTIFICATION=zh_CN.UTF-8
typeset -x XDG_CONFIG_DIRS=/etc/xdg/xdg-ubuntu:/usr/share/upstart/xdg:/etc/xdg
typeset -x ROS_MASTER_URI=http://localhost:11311
typeset -x COLORTERM=gnome-terminal
typeset -x GAZEBO_RESOURCE_PATH=/home/husky/husky/src/husky_gazebo/worlds:/usr/share/gazebo-2.2:/usr/share/gazebo_models:
typeset -x LC_TIME=zh_CN.UTF-8
typeset -x XDG_GREETER_DATA_DIR=/var/lib/lightdm-data/husky
typeset -x QT4_IM_MODULE=xim
typeset -x PKG_CONFIG_PATH=/home/husky/husky/devel/lib/pkgconfig:/opt/ros/indigo/lib/pkgconfig
typeset -x HOME=/home/husky
typeset -x DISPLAY=:0
typeset -x LANG=en_US.UTF-8
typeset -x LC_MONETARY=zh_CN.UTF-8
typeset -x GTK_IM_MODULE=ibus
typeset -x VTE_VERSION=3409
typeset -x XDG_CURRENT_DESKTOP=Unity
typeset -x HUSKY_GAZEBO_DESCRIPTION=/home/husky/husky/src/husky_gazebo/urdf/description.gazebo.xacro
typeset -x LESSCLOSE='/usr/bin/lesspipe %s %s'
typeset -x GNOME_KEYRING_PID=1982
typeset -x PAPERSIZE=a4
typeset -x ROS_ETC_DIR=/opt/ros/indigo/etc/ros
typeset -x TMUX_PANE=%0
typeset -x ROS_DISTRO=indigo
typeset -x ROSLISP_PACKAGE_DIRECTORIES=/home/husky/husky/devel/share/common-lisp
typeset -x QT_IM_MODULE=ibus
typeset -x LOGNAME=husky
typeset -x XDG_SEAT=seat0
typeset -x PATH=/opt/ros/indigo/bin:/usr/local/sbin:/usr/local/bin:/usr/sbin:/usr/bin:/sbin:/bin:/usr/games:/usr/local/games
typeset -x GNOME_KEYRING_CONTROL=/run/user/1000/keyring-0NzUsd
typeset -x TERM=screen
typeset -x XDG_SESSION_PATH=/org/freedesktop/DisplayManager/Session0
typeset -x SESSIONTYPE=gnome-session
typeset -x IM_CONFIG_PHASE=1
typeset -x SSH_AUTH_SOCK=/run/user/1000/keyring-0NzUsd/ssh
typeset -x TEXTDOMAINDIR=/usr/share/locale/
typeset -x UPSTART_SESSION=unix:abstract=/com/ubuntu/upstart-session/1000/1984
typeset -x OLDPWD=/home/husky/husky/src
typeset -x GDM_LANG=en_US
typeset -x LC_TELEPHONE=zh_CN.UTF-8
typeset -x SHLVL=2
typeset -x PWD=/home/husky/husky
typeset -x GAZEBO_MODEL_PATH=/home/husky/husky/src/husky_gazebo/worlds:/home/husky/husky/src/husky_gazebo/worlds:/home/husky/husky/src/husky_gazebo/worlds:/home/husky/husky/src/husky_gazebo/worlds:/home/husky/husky/src/husky_gazebo/worlds:/home/husky/husky/src/husky_gazebo/worlds:/home/husky/husky/src/husky_gazebo/worlds:
