.[0m[ INFO] [1536570801.086853872]: Finished loading Gazebo ROS API Plugin.[0m

[0m[ INFO] [1536570801.088154401]: waitForService: Service [/gazebo/set_physics_properties] has not been advertised, waiting...[0m

... logging to /home/husky/.ros/log/1588cca0-b415-11e8-b9d2-f8cab85c44f3/roslaunch-husky-Precision-7710-4734.log
Checking log directory for disk usage. This may take awhile.
Press Ctrl-C to interrupt
Done checking log file disk usage. Usage is <1GB.
]2;/home/husky/husky/src/husky_gazebo/launch/husky_terrain.launch
[1mstarted roslaunch server http://husky-Precision-7710:44995/[0m

SUMMARY
========

PARAMETERS
 * /ekf_localization/base_link_frame: base_link
 * /ekf_localization/frequency: 50
 * /ekf_localization/imu0: imu/data
 * /ekf_localization/imu0_config: [False, False, Fa...
 * /ekf_localization/imu0_differential: True
 * /ekf_localization/imu0_queue_size: 10
 * /ekf_localization/imu0_remove_gravitational_acceleration: True
 * /ekf_localization/odom0: husky_velocity_co...
 * /ekf_localization/odom0_config: [False, False, Fa...
 * /ekf_localization/odom0_differential: False
 * /ekf_localization/odom0_queue_size: 10
 * /ekf_localization/odom_frame: odom
 * /ekf_localization/two_d_mode: False
 * /ekf_localization/world_frame: odom
 * /husky_joint_publisher/publish_rate: 50
 * /husky_joint_publisher/type: joint_state_contr...
 * /husky_velocity_controller/angular/z/has_acceleration_limits: True
 * /husky_velocity_controller/angular/z/has_velocity_limits: True
 * /husky_velocity_controller/angular/z/max_acceleration: 6.0
 * /husky_velocity_controller/angular/z/max_velocity: 2.0
 * /husky_velocity_controller/base_frame_id: base_link
 * /husky_velocity_controller/cmd_vel_timeout: 0.25
 * /husky_velocity_controller/enable_odom_tf: False
 * /husky_velocity_controller/estimate_velocity_from_position: False
 * /husky_velocity_controller/left_wheel: ['front_left_whee...
 * /husky_velocity_controller/linear/x/has_acceleration_limits: True
 * /husky_velocity_controller/linear/x/has_velocity_limits: True
 * /husky_velocity_controller/linear/x/max_acceleration: 3.0
 * /husky_velocity_controller/linear/x/max_velocity: 1.0
 * /husky_velocity_controller/pose_covariance_diagonal: [0.001, 0.001, 0....
 * /husky_velocity_controller/publish_rate: 50
 * /husky_velocity_controller/right_wheel: ['front_right_whe...
 * /husky_velocity_controller/twist_covariance_diagonal: [0.001, 0.001, 0....
 * /husky_velocity_controller/type: diff_drive_contro...
 * /husky_velocity_controller/wheel_radius_multiplier: 1.0
 * /husky_velocity_controller/wheel_separation_multiplier: 1.875
 * /robot_description: <?xml version="1....
 * /rosdistro: indigo
 * /rosversion: 1.11.21
 * /twist_mux/locks: [{'topic': 'e_sto...
 * /twist_mux/topics: [{'topic': 'joy_t...

NODES
  /
    base_controller_spawner (controller_manager/spawner)
    ekf_localization (robot_localization/ekf_localization_node)
    gazebo (gazebo_ros/gzserver)
    gazebo_gui (gazebo_ros/gzclient)
    record (rosbag/record)
    robot_state_publisher (robot_state_publisher/robot_state_publisher)
    show_mesh (husky_gazebo/show_mesh)
    spawn_husky_model (gazebo_ros/spawn_model)
    twist_marker_server (interactive_marker_twist_server/marker_server)
    twist_mux (twist_mux/twist_mux)

[1mROS_MASTER_URI=http://localhost:11311[0m
]2;/home/husky/husky/src/husky_gazebo/launch/husky_terrain.launch http://localhost:11311
core service [/rosout] found
[1mprocess[gazebo-1]: started with pid [5128][0m
[1mprocess[gazebo_gui-2]: started with pid [5132][0m
[1mprocess[robot_state_publisher-3]: started with pid [5136][0m
[1mprocess[base_controller_spawner-4]: started with pid [5137][0m
[1mprocess[ekf_localization-5]: started with pid [5138][0m
[1mprocess[twist_marker_server-6]: started with pid [5149][0m
[1mprocess[twist_mux-7]: started with pid [5157][0m
[1mprocess[spawn_husky_model-8]: started with pid [5177][0m
[1mprocess[show_mesh-9]: started with pid [5188][0m
[1mprocess[record-10]: started with pid [5199][0m
[1m[spawn_husky_model-8] process has finished cleanly
log file: /home/husky/.ros/log/1588cca0-b415-11e8-b9d2-f8cab85c44f3/spawn_husky_model-8*.log[0m
[record-10] killing on exit
[show_mesh-9] killing on exit
[twist_mux-7] killing on exit
[twist_marker_server-6] killing on exi[0m[ INFO] [1536570800.992610125]: [twist_marker_server] Initialized.[0m
[0m[ INFO] [1536570814.417711939, 1298.480000000]: Velodyne laser plugin ready, 36 lasers[0m
[0m[ INFO] [1536570814.428994947, 1298.480000000]: Loading gazebo_ros_control plugin[0m
[0m[ INFO] [1536570814.429070945, 1298.480000000]: Starting gazebo_ros_control plugin in namespace: /[0m
[0m[ INFO] [1536570814.429840251, 1298.480000000]: gazebo_ros_control plugin is waiting for model URDF in parameter [robot_description] on the ROS param server.[0m
[0m[ INFO] [1536570814.543995662, 1298.480000000]: Loaded gazebo_ros_control.[0m
[0m[ INFO] [1536570814.546503818, 1298.480000000]: imu plugin missing <xyzOffset>, defaults to 0s[0m
[0m[ INFO] [1536570814.546533917, 1298.480000000]: imu plugin missing <rpyOffset>, defaults to 0s[0m
[0m[ INFO] [1536570814.582746077, 1298.480000000]: Controller state will be published at 50Hz.[0m
[0m[ INFO] [1536570814.584867488, 1298.480000000]: Wheel separation will be multiplied by 1.875.[0m
[0m[ INFO] [1536570814.585846163, 1298.480000000]: Wheel radius will be multiplied by 1.[0m
[0m[ INFO] [1536570814.586260449, 1298.480000000]: Velocity rolling window size of 10.[0m
[0m[ INFO] [1536570814.587028399, 1298.480000000]: Velocity commands will be considered old if they are older than 0.25s.[0m
[0m[ INFO] [1536570814.588004385, 1298.480000000]: Allow mutiple cmd_vel publishers is enabled[0m
[0m[ INFO] [1536570814.589545096, 1298.480000000]: Base frame_id set to base_link[0m
[0m[ INFO] [1536570814.590365907, 1298.480000000]: Odometry frame_id set to odom[0m
[0m[ INFO] [1536570814.591884172, 1298.480000000]: Publishing to tf is disabled[0m
[0m[ INFO] [1536570814.614794646, 1298.480000000]: left wheel to origin: 0.256,0.2854, 0.03282[0m
[0m[ INFO] [1536570814.614818746, 1298.480000000]: right wheel to origin: 0.256,-0.2854, 0.03282[0m
[0m[ INFO] [1536570814.614879493, 1298.480000000]: Odometry params : wheel separation 1.07025, wheel radius 0.1651[0m
[0m[ INFO] [1536570814.617926159, 1298.480000000]: Adding left wheel with joint name: front_left_wheel and right wheel with joint name: front_right_wheel[0m
[0m[ INFO] [1536570814.617956613, 1298.480000000]: Adding left wheel with joint name: rear_left_wheel and right wheel with joint name: rear_right_wheel[0m
[0m[ INFO] [1536570814.643202917, 1298.500000000]: waitForService: Service [/gazebo/set_physics_properties] is now available.[0m
[0m[ INFO] [1536570814.666184107, 1298.520000000]: Physics dynamic reconfigure ready.[0m
t
[ekf_localization-5] killing on exit
[base_controller_spawner-4] killing on exit
[gazebo-1] killing on exit
[gazebo_gui-2] killing on exit
[robot_state_publisher-3] killing on exit
shutting down processing monitor...
... shutting down processing monitor complete
[1mdone[0m
