... logging to /home/husky/.ros/log/1588cca0-b415-11e8-b9d2-f8cab85c44f3/roslaunch-husky-Precision-7710-4738.log
Checking log directory for disk usage. This may take awhile.
Press Ctrl-C to interrupt
Done checking log file disk usage. Usage is <1GB.
]2;/home/husky/husky/src/husky_control/launch/teleop_keyboard.launch
[1mstarted roslaunch server http://husky-Precision-7710:34314/[0m

SUMMARY
========

PARAMETERS
 * /rosdistro: indigo
 * /rosversion: 1.11.21

NODES
  /
    teleop_twist_keyboard (teleop_twist_keyboard/teleop_twist_keyboard.py)

[1mROS_MASTER_URI=http://localhost:11311[0m
]2;/home/husky/husky/src/husky_control/launch/teleop_keyboard.launch http://localhost:11311
core service [/rosout] found
[1mprocess[teleop_twist_keyboard-1]: started with pid [4827][0m
[teleop_twist_keyboard-1] killing on exit
shutting down processing monitor...
... shutting down processing monitor complete
[1mdone[0m
