[0m[ INFO] [1536564834.991860534]: rviz version 1.11.19[0m
[0m[ INFO] [1536564834.991898260]: compiled against Qt version 4.8.6[0m
[0m[ INFO] [1536564834.991905418]: compiled against OGRE version 1.8.1 (Byatis)[0m
[0m[ INFO] [1536564835.710778888]: Stereo is NOT SUPPORTED[0m
[0m[ INFO] [1536564835.710854550]: OpenGl version: 4.5 (GLSL 4.5).[0m
... logging to /home/husky/.ros/log/1588cca0-b415-11e8-b9d2-f8cab85c44f3/roslaunch-husky-Precision-7710-23043.log
Checking log directory for disk usage. This may take awhile.
Press Ctrl-C to interrupt
Done checking log file disk usage. Usage is <1GB.
]2;/home/husky/husky/src/husky_viz/launch/view_robot.launch
[1mstarted roslaunch server http://husky-Precision-7710:33759/[0m

SUMMARY
========

PARAMETERS
 * /rosdistro: indigo
 * /rosversion: 1.11.21

NODES
  /
    rviz (rviz/rviz)

[1mROS_MASTER_URI=http://localhost:11311[0m
]2;/home/husky/husky/src/husky_viz/launch/view_robot.launch http://localhost:11311
core service [/rosout] found
[1mprocess[rviz-1]: started with pid [23145][0m
[rviz-1] killing on exit
shutting down processing monitor...
... shutting down processing monitor complete
[1mdone[0m
