Not searching for unused variables given on the command line.
[36m--[0m The C compiler identification is GNU 4.8.4
[36m--[0m The CXX compiler identification is GNU 4.8.4
[36m--[0m Check for working C compiler: /usr/bin/cc
[36m--[0m Check for working C compiler: /usr/bin/cc -- works
[36m--[0m Detecting C compiler ABI info
[36m--[0m Detecting C compiler ABI info - done
[36m--[0m Detecting C compile features
[36m--[0m Detecting C compile features - done
[36m--[0m Check for working CXX compiler: /usr/bin/c++
[36m--[0m Check for working CXX compiler: /usr/bin/c++ -- works
[36m--[0m Detecting CXX compiler ABI info
[36m--[0m Detecting CXX compiler ABI info - done
[36m--[0m Detecting CXX compile features
[36m--[0m Detecting CXX compile features - done
[36m--[0m Using CATKIN_DEVEL_PREFIX: /home/husky/husky/husky_ws/devel/.private/octomap_server
[36m--[0m Using CMAKE_PREFIX_PATH: /home/husky/husky/husky_ws/devel;/home/husky/temp/catkin_ws/install_isolated;/opt/ros/indigo
[36m--[0m This workspace overlays: /home/husky/husky/husky_ws/devel;/home/husky/temp/catkin_ws/install_isolated;/opt/ros/indigo
[36m--[0m Found PythonInterp: /usr/bin/python (found version "2.7.6")
[36m--[0m Using PYTHON_EXECUTABLE: /usr/bin/python
[36m--[0m Using Debian Python package layout
[36m--[0m Using empy: /usr/bin/empy
[36m--[0m Using CATKIN_ENABLE_TESTING: ON
[36m--[0m Call enable_testing()
[36m--[0m Using CATKIN_TEST_RESULTS_DIR: /media/husky/Disk/workshop/husky/husky_ws/build/octomap_server/test_results
[36m--[0m Looking for pthread.h
[36m--[0m Looking for pthread.h - found
[36m--[0m Looking for pthread_create
[36m--[0m Looking for pthread_create - not found
[36m--[0m Looking for pthread_create in pthreads
[36m--[0m Looking for pthread_create in pthreads - not found
[36m--[0m Looking for pthread_create in pthread
[36m--[0m Looking for pthread_create in pthread - found
[36m--[0m Found Threads: TRUE
[36m--[0m Found gtest sources under '/usr/src/gtest': gtests will be built
[36m--[0m Using Python nosetests: /usr/bin/nosetests-2.7
[36m--[0m catkin 0.6.19
[36m--[0m Using these message generators: gencpp;genlisp;genpy
[36m--[0m Checking for module 'eigen3'
[36m--[0m   Found eigen3, version 3.2.0
[36m--[0m Found eigen: /usr/include/eigen3
[36m--[0m Checking for module 'flann'
[36m--[0m   Found flann, version 1.8.4
[36m--[0m Found Flann: /usr/lib/x86_64-linux-gnu/libflann_cpp_s.a
[36m--[0m Checking for module 'openni-dev'
[36m--[0m   No package 'openni-dev' found
[36m--[0m Found openni: /usr/lib/libOpenNI.so
[36m--[0m Found libusb-1.0: /usr/include
[36m--[0m Found PCL_COMMON: /usr/lib/libpcl_common.so
[36m--[0m Found PCL_KDTREE: /usr/lib/libpcl_kdtree.so
[36m--[0m Found PCL_OCTREE: /usr/lib/libpcl_octree.so
[36m--[0m Found PCL_SEARCH: /usr/lib/libpcl_search.so
[36m--[0m Found PCL_SAMPLE_CONSENSUS: /usr/lib/libpcl_sample_consensus.so
[36m--[0m Found PCL_IO: /usr/lib/libpcl_io.so
[36m--[0m Found PCL_GEOMETRY: /usr/include/pcl-1.7
[36m--[0m Found PCL_FEATURES: /usr/lib/libpcl_features.so
[36m--[0m Found PCL_SEGMENTATION: /usr/lib/libpcl_segmentation.so
[36m--[0m Found PCL_FILTERS: /usr/lib/libpcl_filters.so
[36m--[0m Configuring done
[36m--[0m Generating done
[36m--[0m Build files have been written to: /media/husky/Disk/workshop/husky/husky_ws/build/octomap_server
