[35m[1mScanning dependencies of target octomap_server_gencfg[0m
[  5%] [34m[1mGenerating dynamic reconfigure files from cfg/OctomapServer.cfg: /home/husky/husky/husky_ws/devel/.private/octomap_server/include/octomap_server/OctomapServerConfig.h /home/husky/husky/husky_ws/devel/.private/octomap_server/lib/python2.7/dist-packages/octomap_server/cfg/OctomapServerConfig.py[0m
Generating reconfiguration files for OctomapServer in octomap_server
Wrote header file in /home/husky/husky/husky_ws/devel/.private/octomap_server/include/octomap_server/OctomapServerConfig.h
[  5%] Built target octomap_server_gencfg
[35m[1mScanning dependencies of target octomap_server[0m
[ 11%] [32mBuilding CXX object CMakeFiles/octomap_server.dir/src/OctomapServer.cpp.o[0m
[ 17%] [32mBuilding CXX object CMakeFiles/octomap_server.dir/src/OctomapServerMultilayer.cpp.o[0m
[ 23%] [32mBuilding CXX object CMakeFiles/octomap_server.dir/src/TrackingOctomapServer.cpp.o[0m
[ 29%] [32m[1mLinking CXX shared library /home/husky/husky/husky_ws/devel/.private/octomap_server/lib/liboctomap_server.so[0m
[ 29%] Built target octomap_server
[35m[1mScanning dependencies of target octomap_server_nodelet[0m
[35m[1mScanning dependencies of target octomap_saver[0m
[35m[1mScanning dependencies of target octomap_server_multilayer[0m
[35m[1mScanning dependencies of target octomap_server_static[0m
[35m[1mScanning dependencies of target octomap_tracking_server_node[0m
[35m[1mScanning dependencies of target octomap_server_node[0m
[ 35%] [32mBuilding CXX object CMakeFiles/octomap_saver.dir/src/octomap_saver.cpp.o[0m
[ 41%] [32mBuilding CXX object CMakeFiles/octomap_server_multilayer.dir/src/octomap_server_multilayer.cpp.o[0m
[ 47%] [32mBuilding CXX object CMakeFiles/octomap_server_static.dir/src/octomap_server_static.cpp.o[0m
[ 52%] [32mBuilding CXX object CMakeFiles/octomap_server_nodelet.dir/src/octomap_server_nodelet.cpp.o[0m
[ 58%] [32mBuilding CXX object CMakeFiles/octomap_server_node.dir/src/octomap_server_node.cpp.o[0m
[ 64%] [32mBuilding CXX object CMakeFiles/octomap_tracking_server_node.dir/src/octomap_tracking_server_node.cpp.o[0m
[ 70%] [32m[1mLinking CXX executable /home/husky/husky/husky_ws/devel/.private/octomap_server/lib/octomap_server/octomap_server_static[0m
[ 70%] Built target octomap_server_static
[ 76%] [32m[1mLinking CXX executable /home/husky/husky/husky_ws/devel/.private/octomap_server/lib/octomap_server/octomap_saver[0m
[ 76%] Built target octomap_saver
[ 82%] [32m[1mLinking CXX executable /home/husky/husky/husky_ws/devel/.private/octomap_server/lib/octomap_server/octomap_tracking_server_node[0m
[ 88%] [32m[1mLinking CXX executable /home/husky/husky/husky_ws/devel/.private/octomap_server/lib/octomap_server/octomap_server_multilayer[0m
[ 94%] [32m[1mLinking CXX executable /home/husky/husky/husky_ws/devel/.private/octomap_server/lib/octomap_server/octomap_server_node[0m
[100%] [32m[1mLinking CXX shared library /home/husky/husky/husky_ws/devel/.private/octomap_server/lib/liboctomap_server_nodelet.so[0m
[100%] Built target octomap_tracking_server_node
[100%] Built target octomap_server_multilayer
[100%] Built target octomap_server_nodelet
[100%] Built target octomap_server_node
